<?xml version="1.0" encoding="UTF-8"?>
<!-- Generated by org.testng.reporters.JUnitXMLReporter -->
<testsuite hostname="Venkatramanas-MacBook-Air.local" ignored="0" name="Test" tests="1" failures="0" timestamp="24 Dec 2018 01:44:37 GMT" time="26.075" errors="0">
  <testcase name="@BeforeClass init" time="24.681" classname="com.appium.demo.rbc.appiumrbcdemo.tests.ShopByCategoryTestCases">
    <failure type="java.lang.NullPointerException">
      <![CDATA[java.lang.NullPointerException
at com.appium.demo.rbc.appiumrbcdemo.tests.ShopByCategoryTestCases.init(ShopByCategoryTestCases.java:91)
... Removed 26 stack frames]]>
    </failure>
  </testcase> <!-- @BeforeClass init -->
  <testcase name="@AfterTest End" time="0.0" classname="com.appium.demo.rbc.appiumrbcdemo.tests.ShopByCategoryTestCases">
    <skipped/>
  </testcase> <!-- @AfterTest End -->
  <testcase name="verifyKindleItems" time="0.0" classname="com.appium.demo.rbc.appiumrbcdemo.tests.ShopByCategoryTestCases">
    <skipped/>
  </testcase> <!-- verifyKindleItems -->
</testsuite> <!-- Test -->
