<?xml version="1.0" encoding="UTF-8"?>
<!-- Generated by org.testng.reporters.JUnitXMLReporter -->
<testsuite hostname="Venkatramanas-MacBook-Air.local" ignored="0" name="Test" tests="1" failures="0" timestamp="02 Jan 2019 23:05:43 GMT" time="0.49" errors="0">
  <testcase name="@BeforeTest beforeTest" time="0.111" classname="com.appium.demo.rbc.appiumrbcdemo.core.RBCTestBase">
    <failure type="java.net.MalformedURLException" message="For input string: &amp;quot;4723wd&amp;quot;">
      <![CDATA[java.net.MalformedURLException: For input string: "4723wd"
at java.net.URL.<init>(URL.java:627)
at java.net.URL.<init>(URL.java:490)
at java.net.URL.<init>(URL.java:439)
at com.appium.demo.rbc.appiumrbcdemo.core.RBCTestBase.beforeTest(RBCTestBase.java:96)
Caused by: java.lang.NumberFormatException: For input string: "4723wd"
at java.lang.NumberFormatException.forInputString(NumberFormatException.java:65)
at java.lang.Integer.parseInt(Integer.java:580)
at java.lang.Integer.parseInt(Integer.java:615)
at java.net.URLStreamHandler.parseURL(URLStreamHandler.java:222)
at java.net.URL.<init>(URL.java:622)
... 27 more
... Removed 24 stack frames]]>
    </failure>
  </testcase> <!-- @BeforeTest beforeTest -->
  <testcase name="@AfterTest End" time="0.0" classname="com.appium.demo.rbc.appiumrbcdemo.core.RBCTestBase">
    <skipped/>
  </testcase> <!-- @AfterTest End -->
  <testcase name="verifyKindleItems" time="0.0" classname="com.appium.demo.rbc.appiumrbcdemo.tests.ShopByCategoryTestCases">
    <skipped/>
  </testcase> <!-- verifyKindleItems -->
</testsuite> <!-- Test -->
